<?xml version="1.0" encoding="UTF-8"?>
<robot generator="Robot 5.0.1 (Python 3.9.13 on win32)" generated="20220712 01:23:57.509" rpa="false" schemaversion="3">
<suite id="s1" name="DH" source="C:\Users\Elissandro\OneDrive\Digital House\CTD\testing-I\REVISAOROBOTEZIO\DH.robot">
<test id="s1-t1" name="Validação das informações do curso de Data Analytics" line="9">
<kw name="Abrir o novo site da Digital House Brasil" library="dh" type="SETUP">
<kw name="Open Browser" library="SeleniumLibrary">
<arg>${SITE}</arg>
<arg>${NAVEGADOR}</arg>
<doc>Opens a new browser instance to the optional ``url``.</doc>
<msg timestamp="20220712 01:23:57.830" level="INFO">Opening browser 'Chrome' to base url 'https://www.digitalhouse.com/br'.</msg>
<status status="PASS" starttime="20220712 01:23:57.829" endtime="20220712 01:24:04.996"/>
</kw>
<kw name="Maximize Browser Window" library="SeleniumLibrary">
<doc>Maximizes current browser window.</doc>
<status status="PASS" starttime="20220712 01:24:04.996" endtime="20220712 01:24:05.506"/>
</kw>
<status status="PASS" starttime="20220712 01:23:57.828" endtime="20220712 01:24:05.506"/>
</kw>
<kw name="Clicar em “Aceitar Cookies”" library="dh">
<kw name="Sleep" library="BuiltIn">
<arg>10</arg>
<doc>Pauses the test executed for the given time.</doc>
<msg timestamp="20220712 01:24:15.512" level="INFO">Slept 10 seconds</msg>
<status status="PASS" starttime="20220712 01:24:05.507" endtime="20220712 01:24:15.512"/>
</kw>
<kw name="Select Frame" library="SeleniumLibrary">
<arg>${IFRAME_COOKIES}</arg>
<doc>Sets frame identified by ``locator`` as the current frame.</doc>
<msg timestamp="20220712 01:24:15.513" level="INFO">Selecting frame 'xpath=/html/body/iframe[5]'.</msg>
<status status="PASS" starttime="20220712 01:24:15.512" endtime="20220712 01:24:15.551"/>
</kw>
<kw name="Click Element" library="SeleniumLibrary">
<arg>${BOTAO_COOKIES}</arg>
<doc>Click the element identified by ``locator``.</doc>
<msg timestamp="20220712 01:24:15.552" level="INFO">Clicking element 'css=body &gt; div &gt; div &gt; div.flex.justify-center.md:w-full &gt; div.hidden.lg:flex.space-between.w-10/12.xl:w-11/12 &gt; div.flex.flex-col.justify-between.m-0.md:mt-7.lg:mt-6.ml-10 &gt; div:nth-child(1) &gt; div.cursor-pointer.inline-flex.items-center.px-4.py-2.border.border-transparent.text-xs.leading-4.font-black.rounded-md.shadow-sm &gt; span'.</msg>
<msg timestamp="20220712 01:24:15.887" level="INFO" html="true">&lt;/td&gt;&lt;/tr&gt;&lt;tr&gt;&lt;td colspan="3"&gt;&lt;a href="selenium-screenshot-5.png"&gt;&lt;img src="selenium-screenshot-5.png" width="800px"&gt;&lt;/a&gt;</msg>
<msg timestamp="20220712 01:24:15.888" level="FAIL">InvalidSelectorException: Message: invalid selector: An invalid or illegal selector was specified
  (Session info: chrome=103.0.5060.114)
Stacktrace:
Backtrace:
	Ordinal0 [0x01096463+2188387]
	Ordinal0 [0x0102E461+1762401]
	Ordinal0 [0x00F43D78+802168]
	Ordinal0 [0x00F46754+812884]
	Ordinal0 [0x00F46612+812562]
	Ordinal0 [0x00F468A0+813216]
	Ordinal0 [0x00F71595+988565]
	Ordinal0 [0x00F71B1B+989979]
	Ordinal0 [0x00F9E94C+1173836]
	Ordinal0 [0x00F8C824+1099812]
	Ordinal0 [0x00F9CC22+1166370]
	Ordinal0 [0x00F8C5F6+1099254]
	Ordinal0 [0x00F66BE0+945120]
	Ordinal0 [0x00F67AD6+948950]
	GetHandleVerifier [0x013371F2+2712546]
	GetHandleVerifier [0x0132886D+2652765]
	GetHandleVerifier [0x0112002A+520730]
	GetHandleVerifier [0x0111EE06+516086]
	Ordinal0 [0x0103468B+1787531]
	Ordinal0 [0x01038E88+1805960]
	Ordinal0 [0x01038F75+1806197]
	Ordinal0 [0x01041DF1+1842673]
	BaseThreadInitThunk [0x7577FA29+25]
	RtlGetAppContainerNamedObjectPath [0x77187A9E+286]
	RtlGetAppContainerNamedObjectPath [0x77187A6E+238]
</msg>
<status status="FAIL" starttime="20220712 01:24:15.552" endtime="20220712 01:24:15.895"/>
</kw>
<kw name="Unselect Frame" library="SeleniumLibrary">
<doc>Sets the main frame as the current frame.</doc>
<status status="NOT RUN" starttime="20220712 01:24:15.895" endtime="20220712 01:24:15.895"/>
</kw>
<status status="FAIL" starttime="20220712 01:24:05.507" endtime="20220712 01:24:15.896"/>
</kw>
<kw name="Clicar em “Ver outros cursos”" library="dh">
<status status="NOT RUN" starttime="20220712 01:24:15.897" endtime="20220712 01:24:15.897"/>
</kw>
<kw name="Selecionar o curso “Data Analytics”" library="dh">
<status status="NOT RUN" starttime="20220712 01:24:15.897" endtime="20220712 01:24:15.897"/>
</kw>
<kw name="Verificar se o texto de chamada do curso está correta" library="dh">
<status status="NOT RUN" starttime="20220712 01:24:15.898" endtime="20220712 01:24:15.898"/>
</kw>
<kw name="Verificar se a descrição do curso está correta" library="dh">
<status status="NOT RUN" starttime="20220712 01:24:15.898" endtime="20220712 01:24:15.898"/>
</kw>
<kw name="Clicar em “Inscreva-se agora&quot;" library="dh">
<status status="NOT RUN" starttime="20220712 01:24:15.899" endtime="20220712 01:24:15.899"/>
</kw>
<kw name="Clicar em “Inscreva-se”" library="dh">
<status status="NOT RUN" starttime="20220712 01:24:15.899" endtime="20220712 01:24:15.899"/>
</kw>
<kw name="Validar que o valor do curso é “R$10.315”" library="dh">
<status status="NOT RUN" starttime="20220712 01:24:15.900" endtime="20220712 01:24:15.900"/>
</kw>
<kw name="Close Browser" library="SeleniumLibrary" type="TEARDOWN">
<doc>Closes the current browser.</doc>
<status status="PASS" starttime="20220712 01:24:15.901" endtime="20220712 01:24:18.171"/>
</kw>
<status status="FAIL" starttime="20220712 01:23:57.827" endtime="20220712 01:24:18.172">InvalidSelectorException: Message: invalid selector: An invalid or illegal selector was specified
  (Session info: chrome=103.0.5060.114)
Stacktrace:
Backtrace:
	Ordinal0 [0x01096463+2188387]
	Ordinal0 [0x0102E461+1762401]
	Ordinal0 [0x00F43D78+802168]
	Ordinal0 [0x00F46754+812884]
	Ordinal0 [0x00F46612+812562]
	Ordinal0 [0x00F468A0+813216]
	Ordinal0 [0x00F71595+988565]
	Ordinal0 [0x00F71B1B+989979]
	Ordinal0 [0x00F9E94C+1173836]
	Ordinal0 [0x00F8C824+1099812]
	Ordinal0 [0x00F9CC22+1166370]
	Ordinal0 [0x00F8C5F6+1099254]
	Ordinal0 [0x00F66BE0+945120]
	Ordinal0 [0x00F67AD6+948950]
	GetHandleVerifier [0x013371F2+2712546]
	GetHandleVerifier [0x0132886D+2652765]
	GetHandleVerifier [0x0112002A+520730]
	GetHandleVerifier [0x0111EE06+516086]
	Ordinal0 [0x0103468B+1787531]
	Ordinal0 [0x01038E88+1805960]
	Ordinal0 [0x01038F75+1806197]
	Ordinal0 [0x01041DF1+1842673]
	BaseThreadInitThunk [0x7577FA29+25]
	RtlGetAppContainerNamedObjectPath [0x77187A9E+286]
	RtlGetAppContainerNamedObjectPath [0x77187A6E+238]
</status>
</test>
<status status="FAIL" starttime="20220712 01:23:57.512" endtime="20220712 01:24:18.179"/>
</suite>
<statistics>
<total>
<stat pass="0" fail="1" skip="0">All Tests</stat>
</total>
<tag>
</tag>
<suite>
<stat pass="0" fail="1" skip="0" id="s1" name="DH">DH</stat>
</suite>
</statistics>
<errors>
</errors>
</robot>
